{"/Users/shraddha/Desktop/cruk-backend-assignment/config/db.ts": {"path":"/Users/shraddha/Desktop/cruk-backend-assignment/config/db.ts","all":false,"statementMap":{"0":{"start":{"line":1,"column":0},"end":{"line":1,"column":62}},"1":{"start":{"line":2,"column":0},"end":{"line":2,"column":58}},"2":{"start":{"line":3,"column":0},"end":{"line":3,"column":0}},"3":{"start":{"line":4,"column":0},"end":{"line":4,"column":40}},"4":{"start":{"line":5,"column":0},"end":{"line":5,"column":0}},"5":{"start":{"line":6,"column":0},"end":{"line":6,"column":51}},"6":{"start":{"line":7,"column":0},"end":{"line":7,"column":48}},"7":{"start":{"line":8,"column":0},"end":{"line":8,"column":19}},"8":{"start":{"line":9,"column":0},"end":{"line":9,"column":3}}},"s":{"0":1,"1":1,"2":1,"3":1,"4":1,"5":1,"6":1,"7":1,"8":1},"branchMap":{},"b":{},"fnMap":{},"f":{}}
,"/Users/shraddha/Desktop/cruk-backend-assignment/function/createDonation.test.ts": {"path":"/Users/shraddha/Desktop/cruk-backend-assignment/function/createDonation.test.ts","all":false,"statementMap":{"0":{"start":{"line":1,"column":0},"end":{"line":1,"column":52}},"1":{"start":{"line":2,"column":0},"end":{"line":2,"column":109}},"2":{"start":{"line":3,"column":0},"end":{"line":3,"column":50}},"3":{"start":{"line":4,"column":0},"end":{"line":4,"column":33}},"4":{"start":{"line":5,"column":0},"end":{"line":5,"column":43}},"5":{"start":{"line":6,"column":0},"end":{"line":6,"column":46}},"6":{"start":{"line":7,"column":0},"end":{"line":7,"column":82}},"7":{"start":{"line":8,"column":0},"end":{"line":8,"column":0}},"8":{"start":{"line":9,"column":0},"end":{"line":9,"column":25}},"9":{"start":{"line":10,"column":0},"end":{"line":10,"column":15}},"10":{"start":{"line":11,"column":0},"end":{"line":11,"column":16}},"11":{"start":{"line":12,"column":0},"end":{"line":12,"column":17}},"12":{"start":{"line":13,"column":0},"end":{"line":13,"column":18}},"13":{"start":{"line":14,"column":0},"end":{"line":14,"column":18}},"14":{"start":{"line":15,"column":0},"end":{"line":15,"column":1}},"15":{"start":{"line":16,"column":0},"end":{"line":16,"column":0}},"16":{"start":{"line":17,"column":0},"end":{"line":17,"column":83}},"17":{"start":{"line":18,"column":0},"end":{"line":18,"column":26}},"18":{"start":{"line":19,"column":0},"end":{"line":19,"column":4}},"19":{"start":{"line":20,"column":0},"end":{"line":20,"column":16}},"20":{"start":{"line":21,"column":0},"end":{"line":21,"column":61}},"21":{"start":{"line":22,"column":0},"end":{"line":22,"column":5}},"22":{"start":{"line":23,"column":0},"end":{"line":23,"column":0}},"23":{"start":{"line":24,"column":0},"end":{"line":24,"column":66}},"24":{"start":{"line":25,"column":0},"end":{"line":25,"column":4}},"25":{"start":{"line":26,"column":0},"end":{"line":26,"column":51}},"26":{"start":{"line":27,"column":0},"end":{"line":27,"column":25}},"27":{"start":{"line":28,"column":0},"end":{"line":28,"column":45}},"28":{"start":{"line":29,"column":0},"end":{"line":29,"column":5}},"29":{"start":{"line":30,"column":0},"end":{"line":30,"column":0}},"30":{"start":{"line":31,"column":0},"end":{"line":31,"column":41}},"31":{"start":{"line":32,"column":0},"end":{"line":32,"column":39}},"32":{"start":{"line":33,"column":0},"end":{"line":33,"column":24}},"33":{"start":{"line":34,"column":0},"end":{"line":34,"column":36}},"34":{"start":{"line":35,"column":0},"end":{"line":35,"column":30}},"35":{"start":{"line":36,"column":0},"end":{"line":36,"column":32}},"36":{"start":{"line":37,"column":0},"end":{"line":37,"column":34}},"37":{"start":{"line":38,"column":0},"end":{"line":38,"column":33}},"38":{"start":{"line":39,"column":0},"end":{"line":39,"column":10}},"39":{"start":{"line":40,"column":0},"end":{"line":40,"column":6}},"40":{"start":{"line":41,"column":0},"end":{"line":41,"column":0}},"41":{"start":{"line":42,"column":0},"end":{"line":42,"column":33}},"42":{"start":{"line":43,"column":0},"end":{"line":43,"column":43}},"43":{"start":{"line":44,"column":0},"end":{"line":44,"column":39}},"44":{"start":{"line":45,"column":0},"end":{"line":45,"column":27}},"45":{"start":{"line":46,"column":0},"end":{"line":46,"column":44}},"46":{"start":{"line":47,"column":0},"end":{"line":47,"column":35}},"47":{"start":{"line":48,"column":0},"end":{"line":48,"column":29}},"48":{"start":{"line":49,"column":0},"end":{"line":49,"column":10}},"49":{"start":{"line":50,"column":0},"end":{"line":50,"column":36}},"50":{"start":{"line":51,"column":0},"end":{"line":51,"column":40}},"51":{"start":{"line":52,"column":0},"end":{"line":52,"column":10}},"52":{"start":{"line":53,"column":0},"end":{"line":53,"column":23}},"53":{"start":{"line":54,"column":0},"end":{"line":54,"column":5}},"54":{"start":{"line":55,"column":0},"end":{"line":55,"column":0}},"55":{"start":{"line":56,"column":0},"end":{"line":56,"column":9}},"56":{"start":{"line":57,"column":0},"end":{"line":57,"column":31}},"57":{"start":{"line":58,"column":0},"end":{"line":58,"column":51}},"58":{"start":{"line":59,"column":0},"end":{"line":59,"column":40}},"59":{"start":{"line":60,"column":0},"end":{"line":60,"column":0}},"60":{"start":{"line":61,"column":0},"end":{"line":61,"column":47}},"61":{"start":{"line":62,"column":0},"end":{"line":62,"column":55}},"62":{"start":{"line":63,"column":0},"end":{"line":63,"column":61}},"63":{"start":{"line":64,"column":0},"end":{"line":64,"column":54}},"64":{"start":{"line":65,"column":0},"end":{"line":65,"column":0}},"65":{"start":{"line":66,"column":0},"end":{"line":66,"column":79}},"66":{"start":{"line":67,"column":0},"end":{"line":67,"column":8}},"67":{"start":{"line":68,"column":0},"end":{"line":68,"column":36}},"68":{"start":{"line":69,"column":0},"end":{"line":69,"column":45}},"69":{"start":{"line":70,"column":0},"end":{"line":70,"column":48}},"70":{"start":{"line":71,"column":0},"end":{"line":71,"column":57}},"71":{"start":{"line":72,"column":0},"end":{"line":72,"column":17}},"72":{"start":{"line":73,"column":0},"end":{"line":73,"column":54}},"73":{"start":{"line":74,"column":0},"end":{"line":74,"column":0}},"74":{"start":{"line":75,"column":0},"end":{"line":75,"column":123}},"75":{"start":{"line":76,"column":0},"end":{"line":76,"column":9}},"76":{"start":{"line":77,"column":0},"end":{"line":77,"column":37}},"77":{"start":{"line":78,"column":0},"end":{"line":78,"column":19}},"78":{"start":{"line":79,"column":0},"end":{"line":79,"column":25}},"79":{"start":{"line":80,"column":0},"end":{"line":80,"column":52}},"80":{"start":{"line":81,"column":0},"end":{"line":81,"column":5}},"81":{"start":{"line":82,"column":0},"end":{"line":82,"column":1}}},"s":{"0":1,"1":1,"2":1,"3":1,"4":1,"5":1,"6":1,"7":1,"8":1,"9":1,"10":1,"11":1,"12":1,"13":1,"14":1,"15":1,"16":1,"17":5,"18":5,"19":5,"20":0,"21":0,"22":5,"23":5,"24":5,"25":5,"26":5,"27":4,"28":4,"29":1,"30":1,"31":1,"32":1,"33":5,"34":5,"35":5,"36":5,"37":5,"38":5,"39":5,"40":5,"41":5,"42":5,"43":5,"44":5,"45":5,"46":5,"47":5,"48":5,"49":5,"50":5,"51":5,"52":5,"53":5,"54":5,"55":5,"56":5,"57":5,"58":5,"59":1,"60":1,"61":1,"62":1,"63":5,"64":5,"65":5,"66":5,"67":5,"68":1,"69":1,"70":1,"71":1,"72":1,"73":1,"74":1,"75":1,"76":1,"77":5,"78":0,"79":0,"80":0,"81":5},"branchMap":{"0":{"type":"branch","line":17,"loc":{"start":{"line":17,"column":7},"end":{"line":82,"column":1}},"locations":[{"start":{"line":17,"column":7},"end":{"line":82,"column":1}}]},"1":{"type":"branch","line":20,"loc":{"start":{"line":20,"column":15},"end":{"line":22,"column":5}},"locations":[{"start":{"line":20,"column":15},"end":{"line":22,"column":5}}]},"2":{"type":"branch","line":27,"loc":{"start":{"line":27,"column":24},"end":{"line":29,"column":5}},"locations":[{"start":{"line":27,"column":24},"end":{"line":29,"column":5}}]},"3":{"type":"branch","line":30,"loc":{"start":{"line":30,"column":-1},"end":{"line":34,"column":29}},"locations":[{"start":{"line":30,"column":-1},"end":{"line":34,"column":29}}]},"4":{"type":"branch","line":34,"loc":{"start":{"line":34,"column":25},"end":{"line":34,"column":29}},"locations":[{"start":{"line":34,"column":25},"end":{"line":34,"column":29}}]},"5":{"type":"branch","line":34,"loc":{"start":{"line":34,"column":25},"end":{"line":34,"column":35}},"locations":[{"start":{"line":34,"column":25},"end":{"line":34,"column":35}}]},"6":{"type":"branch","line":60,"loc":{"start":{"line":60,"column":-1},"end":{"line":64,"column":49}},"locations":[{"start":{"line":60,"column":-1},"end":{"line":64,"column":49}}]},"7":{"type":"branch","line":64,"loc":{"start":{"line":64,"column":50},"end":{"line":64,"column":53}},"locations":[{"start":{"line":64,"column":50},"end":{"line":64,"column":53}}]},"8":{"type":"branch","line":68,"loc":{"start":{"line":68,"column":35},"end":{"line":78,"column":13}},"locations":[{"start":{"line":68,"column":35},"end":{"line":78,"column":13}}]},"9":{"type":"branch","line":78,"loc":{"start":{"line":78,"column":6},"end":{"line":81,"column":5}},"locations":[{"start":{"line":78,"column":6},"end":{"line":81,"column":5}}]}},"b":{"0":[5],"1":[0],"2":[4],"3":[1],"4":[0],"5":[1],"6":[1],"7":[0],"8":[1],"9":[0]},"fnMap":{"0":{"name":"createDonation","decl":{"start":{"line":17,"column":7},"end":{"line":82,"column":1}},"loc":{"start":{"line":17,"column":7},"end":{"line":82,"column":1}},"line":17}},"f":{"0":5}}
,"/Users/shraddha/Desktop/cruk-backend-assignment/helper/response.ts": {"path":"/Users/shraddha/Desktop/cruk-backend-assignment/helper/response.ts","all":false,"statementMap":{"0":{"start":{"line":1,"column":0},"end":{"line":1,"column":0}},"1":{"start":{"line":2,"column":0},"end":{"line":2,"column":66}},"2":{"start":{"line":3,"column":0},"end":{"line":3,"column":12}},"3":{"start":{"line":4,"column":0},"end":{"line":4,"column":31}},"4":{"start":{"line":5,"column":0},"end":{"line":5,"column":18}},"5":{"start":{"line":6,"column":0},"end":{"line":6,"column":47}},"6":{"start":{"line":7,"column":0},"end":{"line":7,"column":10}},"7":{"start":{"line":8,"column":0},"end":{"line":8,"column":39}},"8":{"start":{"line":9,"column":0},"end":{"line":9,"column":5}},"9":{"start":{"line":10,"column":0},"end":{"line":10,"column":1}}},"s":{"0":1,"1":1,"2":5,"3":5,"4":5,"5":5,"6":5,"7":5,"8":5,"9":5},"branchMap":{"0":{"type":"branch","line":2,"loc":{"start":{"line":2,"column":24},"end":{"line":10,"column":1}},"locations":[{"start":{"line":2,"column":24},"end":{"line":10,"column":1}}]}},"b":{"0":[5]},"fnMap":{"0":{"name":"Object.<anonymous>.exports.response","decl":{"start":{"line":2,"column":24},"end":{"line":10,"column":1}},"loc":{"start":{"line":2,"column":24},"end":{"line":10,"column":1}},"line":2}},"f":{"0":5}}
,"/Users/shraddha/Desktop/cruk-backend-assignment/validation/createDonationValidation.ts": {"path":"/Users/shraddha/Desktop/cruk-backend-assignment/validation/createDonationValidation.ts","all":false,"statementMap":{"0":{"start":{"line":1,"column":0},"end":{"line":1,"column":25}},"1":{"start":{"line":2,"column":0},"end":{"line":2,"column":15}},"2":{"start":{"line":3,"column":0},"end":{"line":3,"column":16}},"3":{"start":{"line":4,"column":0},"end":{"line":4,"column":17}},"4":{"start":{"line":5,"column":0},"end":{"line":5,"column":18}},"5":{"start":{"line":6,"column":0},"end":{"line":6,"column":18}},"6":{"start":{"line":7,"column":0},"end":{"line":7,"column":1}},"7":{"start":{"line":8,"column":0},"end":{"line":8,"column":0}},"8":{"start":{"line":9,"column":0},"end":{"line":9,"column":67}},"9":{"start":{"line":10,"column":0},"end":{"line":10,"column":34}},"10":{"start":{"line":11,"column":0},"end":{"line":11,"column":172}},"11":{"start":{"line":12,"column":0},"end":{"line":12,"column":20}},"12":{"start":{"line":13,"column":0},"end":{"line":13,"column":64}},"13":{"start":{"line":14,"column":0},"end":{"line":14,"column":29}},"14":{"start":{"line":15,"column":0},"end":{"line":15,"column":73}},"15":{"start":{"line":16,"column":0},"end":{"line":16,"column":64}},"16":{"start":{"line":17,"column":0},"end":{"line":17,"column":69}},"17":{"start":{"line":18,"column":0},"end":{"line":18,"column":60}},"18":{"start":{"line":19,"column":0},"end":{"line":19,"column":83}},"19":{"start":{"line":20,"column":0},"end":{"line":20,"column":48}},"20":{"start":{"line":21,"column":0},"end":{"line":21,"column":88}},"21":{"start":{"line":22,"column":0},"end":{"line":22,"column":5}},"22":{"start":{"line":23,"column":0},"end":{"line":23,"column":40}},"23":{"start":{"line":24,"column":0},"end":{"line":24,"column":1}}},"s":{"0":1,"1":1,"2":1,"3":1,"4":1,"5":1,"6":1,"7":1,"8":1,"9":5,"10":5,"11":5,"12":1,"13":5,"14":1,"15":4,"16":0,"17":3,"18":1,"19":3,"20":1,"21":1,"22":1,"23":1},"branchMap":{"0":{"type":"branch","line":9,"loc":{"start":{"line":9,"column":40},"end":{"line":24,"column":1}},"locations":[{"start":{"line":9,"column":40},"end":{"line":24,"column":1}}]},"1":{"type":"branch","line":12,"loc":{"start":{"line":12,"column":19},"end":{"line":14,"column":11}},"locations":[{"start":{"line":12,"column":19},"end":{"line":14,"column":11}}]},"2":{"type":"branch","line":14,"loc":{"start":{"line":14,"column":5},"end":{"line":22,"column":5}},"locations":[{"start":{"line":14,"column":5},"end":{"line":22,"column":5}}]},"3":{"type":"branch","line":14,"loc":{"start":{"line":14,"column":28},"end":{"line":16,"column":11}},"locations":[{"start":{"line":14,"column":28},"end":{"line":16,"column":11}}]},"4":{"type":"branch","line":16,"loc":{"start":{"line":16,"column":5},"end":{"line":22,"column":5}},"locations":[{"start":{"line":16,"column":5},"end":{"line":22,"column":5}}]},"5":{"type":"branch","line":16,"loc":{"start":{"line":16,"column":63},"end":{"line":18,"column":11}},"locations":[{"start":{"line":16,"column":63},"end":{"line":18,"column":11}}]},"6":{"type":"branch","line":18,"loc":{"start":{"line":18,"column":59},"end":{"line":20,"column":11}},"locations":[{"start":{"line":18,"column":59},"end":{"line":20,"column":11}}]},"7":{"type":"branch","line":20,"loc":{"start":{"line":20,"column":5},"end":{"line":22,"column":5}},"locations":[{"start":{"line":20,"column":5},"end":{"line":22,"column":5}}]},"8":{"type":"branch","line":20,"loc":{"start":{"line":20,"column":27},"end":{"line":20,"column":46}},"locations":[{"start":{"line":20,"column":27},"end":{"line":20,"column":46}}]},"9":{"type":"branch","line":20,"loc":{"start":{"line":20,"column":47},"end":{"line":22,"column":5}},"locations":[{"start":{"line":20,"column":47},"end":{"line":22,"column":5}}]},"10":{"type":"branch","line":23,"loc":{"start":{"line":23,"column":-1},"end":{"line":24,"column":1}},"locations":[{"start":{"line":23,"column":-1},"end":{"line":24,"column":1}}]}},"b":{"0":[5],"1":[1],"2":[4],"3":[1],"4":[3],"5":[0],"6":[1],"7":[2],"8":[1],"9":[1],"10":[1]},"fnMap":{"0":{"name":"Object.<anonymous>.exports.createDonationValidation","decl":{"start":{"line":9,"column":40},"end":{"line":24,"column":1}},"loc":{"start":{"line":9,"column":40},"end":{"line":24,"column":1}},"line":9}},"f":{"0":5}}
}
