TN:
SF:config/db.ts
FNF:0
FNH:0
DA:1,1
DA:2,1
DA:3,1
DA:4,1
DA:5,1
DA:6,1
DA:7,1
DA:8,1
DA:9,1
LF:9
LH:9
BRF:0
BRH:0
end_of_record
TN:
SF:function/createDonation.test.ts
FN:17,createDonation
FNF:1
FNH:1
FNDA:5,createDonation
DA:1,1
DA:2,1
DA:3,1
DA:4,1
DA:5,1
DA:6,1
DA:7,1
DA:8,1
DA:9,1
DA:10,1
DA:11,1
DA:12,1
DA:13,1
DA:14,1
DA:15,1
DA:16,1
DA:17,1
DA:18,5
DA:19,5
DA:20,5
DA:21,0
DA:22,0
DA:23,5
DA:24,5
DA:25,5
DA:26,5
DA:27,5
DA:28,4
DA:29,4
DA:30,1
DA:31,1
DA:32,1
DA:33,1
DA:34,5
DA:35,5
DA:36,5
DA:37,5
DA:38,5
DA:39,5
DA:40,5
DA:41,5
DA:42,5
DA:43,5
DA:44,5
DA:45,5
DA:46,5
DA:47,5
DA:48,5
DA:49,5
DA:50,5
DA:51,5
DA:52,5
DA:53,5
DA:54,5
DA:55,5
DA:56,5
DA:57,5
DA:58,5
DA:59,5
DA:60,1
DA:61,1
DA:62,1
DA:63,1
DA:64,5
DA:65,5
DA:66,5
DA:67,5
DA:68,5
DA:69,1
DA:70,1
DA:71,1
DA:72,1
DA:73,1
DA:74,1
DA:75,1
DA:76,1
DA:77,1
DA:78,5
DA:79,0
DA:80,0
DA:81,0
DA:82,5
LF:82
LH:77
BRDA:17,0,0,5
BRDA:20,1,0,0
BRDA:27,2,0,4
BRDA:30,3,0,1
BRDA:34,4,0,0
BRDA:34,5,0,1
BRDA:60,6,0,1
BRDA:64,7,0,0
BRDA:68,8,0,1
BRDA:78,9,0,0
BRF:10
BRH:6
end_of_record
TN:
SF:helper/response.ts
FN:2,Object.<anonymous>.exports.response
FNF:1
FNH:1
FNDA:5,Object.<anonymous>.exports.response
DA:1,1
DA:2,1
DA:3,5
DA:4,5
DA:5,5
DA:6,5
DA:7,5
DA:8,5
DA:9,5
DA:10,5
LF:10
LH:10
BRDA:2,0,0,5
BRF:1
BRH:1
end_of_record
TN:
SF:validation/createDonationValidation.ts
FN:9,Object.<anonymous>.exports.createDonationValidation
FNF:1
FNH:1
FNDA:5,Object.<anonymous>.exports.createDonationValidation
DA:1,1
DA:2,1
DA:3,1
DA:4,1
DA:5,1
DA:6,1
DA:7,1
DA:8,1
DA:9,1
DA:10,5
DA:11,5
DA:12,5
DA:13,1
DA:14,5
DA:15,1
DA:16,4
DA:17,0
DA:18,3
DA:19,1
DA:20,3
DA:21,1
DA:22,1
DA:23,1
DA:24,1
LF:24
LH:23
BRDA:9,0,0,5
BRDA:12,1,0,1
BRDA:14,2,0,4
BRDA:14,3,0,1
BRDA:16,4,0,3
BRDA:16,5,0,0
BRDA:18,6,0,1
BRDA:20,7,0,2
BRDA:20,8,0,1
BRDA:20,9,0,1
BRDA:23,10,0,1
BRF:11
BRH:10
end_of_record
